e:\bntu\ win32apic++\c-win-api-training-course\lab1\project2\x64\debug\vc142.pdb
e:\bntu\ win32apic++\c-win-api-training-course\lab1\project2\x64\debug\vc142.idb
e:\bntu\ win32apic++\c-win-api-training-course\lab1\project2\x64\debug\listing 3.7.obj
e:\bntu\ win32apic++\c-win-api-training-course\lab1\project2\x64\debug\listing 3.6.obj
e:\bntu\ win32apic++\c-win-api-training-course\lab1\project2\x64\debug\listing 3.5.obj
e:\bntu\ win32apic++\c-win-api-training-course\lab1\project2\x64\debug\listing 3.3.obj
e:\bntu\ win32apic++\c-win-api-training-course\lab1\project2\x64\debug\listing 3.2.obj
e:\bntu\ win32apic++\c-win-api-training-course\lab1\project2\x64\debug\listing 2.8.obj
e:\bntu\ win32apic++\c-win-api-training-course\lab1\project2\x64\debug\listing 2.7.obj
e:\bntu\ win32apic++\c-win-api-training-course\lab1\project2\x64\debug\listing 2.6.obj
e:\bntu\ win32apic++\c-win-api-training-course\lab1\project2\x64\debug\listing 2.5.obj
e:\bntu\ win32apic++\c-win-api-training-course\lab1\project2\x64\debug\listing 2.4.obj
e:\bntu\ win32apic++\c-win-api-training-course\lab1\project2\x64\debug\listing 2.3.obj
e:\bntu\ win32apic++\c-win-api-training-course\lab1\project2\x64\debug\listing 2.2.obj
e:\bntu\ win32apic++\c-win-api-training-course\lab1\project2\x64\debug\listing 2.1.obj
e:\bntu\ win32apic++\c-win-api-training-course\lab1\project2\x64\debug\listing 1.2.obj
e:\bntu\ win32apic++\c-win-api-training-course\lab1\project2\x64\debug\listing 1.3.obj
e:\bntu\ win32apic++\c-win-api-training-course\lab1\project2\x64\debug\listing 1.1.obj
e:\bntu\ win32apic++\c-win-api-training-course\lab1\project2\x64\debug\lab1.obj
e:\bntu\ win32apic++\c-win-api-training-course\lab1\project2\x64\debug\lab.1.obj
e:\bntu\ win32apic++\c-win-api-training-course\lab1\project2\x64\debug\kwnd.obj
e:\bntu\ win32apic++\c-win-api-training-course\lab1\project2\x64\debug\kdocument.obj
e:\bntu\ win32apic++\c-win-api-training-course\lab1\project2\x64\debug\source1.obj
e:\bntu\ win32apic++\c-win-api-training-course\lab1\project2\x64\debug\listing 3.9.obj
e:\bntu\ win32apic++\c-win-api-training-course\lab1\project2\x64\debug\listing 3.4.obj
e:\bntu\ win32apic++\c-win-api-training-course\lab1\project2\x64\debug\createdlg.obj
e:\bntu\ win32apic++\c-win-api-training-course\lab1\project2\x64\debug\listing 3.1.obj
e:\bntu\ win32apic++\c-win-api-training-course\lab1\project2\x64\debug\source.obj
e:\bntu\ win32apic++\c-win-api-training-course\lab1\project2\x64\debug\listing 6.6.obj
e:\bntu\ win32apic++\c-win-api-training-course\lab1\project2\x64\debug\listing 6.5.obj
e:\bntu\ win32apic++\c-win-api-training-course\lab1\project2\x64\debug\listing 6.1.obj
e:\bntu\ win32apic++\c-win-api-training-course\lab1\project2\x64\debug\listing 4.1.obj
e:\bntu\ win32apic++\c-win-api-training-course\lab1\x64\debug\labs.ilk
e:\bntu\ win32apic++\c-win-api-training-course\lab1\x64\debug\labs.exe
e:\bntu\ win32apic++\c-win-api-training-course\lab1\x64\debug\labs.pdb
e:\bntu\ win32apic++\c-win-api-training-course\lab1\project2\x64\debug\labs.tlog\cl.command.1.tlog
e:\bntu\ win32apic++\c-win-api-training-course\lab1\project2\x64\debug\labs.tlog\cl.read.1.tlog
e:\bntu\ win32apic++\c-win-api-training-course\lab1\project2\x64\debug\labs.tlog\cl.write.1.tlog
e:\bntu\ win32apic++\c-win-api-training-course\lab1\project2\x64\debug\labs.tlog\link.command.1.tlog
e:\bntu\ win32apic++\c-win-api-training-course\lab1\project2\x64\debug\labs.tlog\link.read.1.tlog
e:\bntu\ win32apic++\c-win-api-training-course\lab1\project2\x64\debug\labs.tlog\link.write.1.tlog
