c:\users\gera\source\repos\project2\project2\debug\vc141.pdb
c:\users\gera\source\repos\project2\project2\debug\vc141.idb
c:\users\gera\source\repos\project2\project2\debug\source.obj
c:\users\gera\source\repos\project2\project2\debug\listing 1.3.obj
c:\users\gera\source\repos\project2\project2\debug\listing 2.1.obj
c:\users\gera\source\repos\project2\project2\debug\listing 1.2.obj
c:\users\gera\source\repos\project2\project2\debug\listing 2.2.obj
c:\users\gera\source\repos\project2\project2\debug\listing 2.3.obj
c:\users\gera\source\repos\project2\project2\debug\listing 6.6.obj
c:\users\gera\source\repos\project2\project2\debug\listing 6.5.obj
c:\users\gera\source\repos\project2\project2\debug\listing 2.6.obj
c:\users\gera\source\repos\project2\debug\project2.exe
c:\users\gera\source\repos\project2\debug\project2.ilk
c:\users\gera\source\repos\project2\debug\project2.pdb
c:\users\gera\source\repos\project2\project2\debug\project2.tlog\cl.command.1.tlog
c:\users\gera\source\repos\project2\project2\debug\project2.tlog\cl.read.1.tlog
c:\users\gera\source\repos\project2\project2\debug\project2.tlog\cl.write.1.tlog
c:\users\gera\source\repos\project2\project2\debug\project2.tlog\link.command.1.tlog
c:\users\gera\source\repos\project2\project2\debug\project2.tlog\link.read.1.tlog
c:\users\gera\source\repos\project2\project2\debug\project2.tlog\link.write.1.tlog
